<?xml version="1.0" encoding="UTF-8"?>
<LTFSArchiver xmlns:xsi="http://www.w3.org/2001/XMLSchema-instance" xmlns:xlink="http://www.w3.org/1999/xlink">
	<ReceivedRequest service="QueryTasks" time="2014-03-07T16:23:17">
		<Parameter name="Output" value="XML" assignedByDefault="false"/>
		<Parameter name="FileMode" value="exact" assignedByDefault="true"/>
	</ReceivedRequest>
	<Response timenow="2014-03-07T16:23:22" exit_string="success" exit_code="200"/>
	<Output>
		<Task id="516d4646-014a-479b-8f31-00eca3e6bb9b" status="completed" timestart="2014-02-14T09:02:35" timeend="2014-02-14T09:02:35">
			<Request time="2014-02-14T09:02:34" service="WithdrawTape">
				<Parameter name="PoolName" value="PoolA"/>
				<Parameter name="TapeID" value="DBJ964L5"/>
			</Request>
		</Task>
		<Task id="ccc2859e-2cb0-4cd0-99d0-f158d94752d3" status="completed" timestart="2014-02-14T09:09:38" timeend="2014-02-14T09:11:55">
			<Request time="2014-02-14T09:07:46" service="AddTape">
				<Parameter name="PoolName" value="PoolA"/>
				<Parameter name="TapeID" value="DBJ964L5"/>
				<Parameter name="Format" value="N"/>
			</Request>
		</Task>
		<Task id="59d1eb95-8dd3-4f85-ae59-688454d62c4e" status="completed" timestart="2014-02-14T09:33:20" timeend="2014-02-14T09:33:20">
			<Request time="2014-02-14T09:33:19" service="WithdrawTape">
				<Parameter name="PoolName" value="PoolA"/>
				<Parameter name="TapeID" value="DBJ964L5"/>
			</Request>
		</Task>
		<Task id="86b83363-e202-47e4-ae96-7c7f817acfbe" status="completed" timestart="2014-02-14T09:35:11" timeend="2014-02-14T09:37:29">
			<Request time="2014-02-14T09:34:16" service="AddTape">
				<Parameter name="PoolName" value="PoolA"/>
				<Parameter name="TapeID" value="DBJ964L5"/>
				<Parameter name="Format" value="N"/>
			</Request>
		</Task>
		<Task id="23532f02-f062-4f00-9c2e-3b70f4f31248" status="completed" timestart="2014-02-14T09:42:55" timeend="2014-02-14T09:42:55">
			<Request time="2014-02-14T09:42:54" service="WithdrawTape">
				<Parameter name="PoolName" value="PoolA"/>
				<Parameter name="TapeID" value="DBJ964L5"/>
			</Request>
		</Task>
		<Task id="a77212d9-be66-40aa-a4b0-1b0fd02b782b" status="completed" timestart="2014-02-14T09:44:35" timeend="2014-02-14T09:44:35">
			<Request time="2014-02-14T09:43:08" service="AddTape">
				<Parameter name="PoolName" value="PoolA"/>
				<Parameter name="TapeID" value="n/a"/>
				<Parameter name="Format" value="Y"/>
			</Request>
		</Task>
		<Task id="318a9efa-a6da-4f6b-9ef7-a6ddfb5ecec5" status="completed" timestart="2014-02-14T09:46:42" timeend="2014-02-14T09:49:43">
			<Request time="2014-02-14T09:45:47" service="AddTape">
				<Parameter name="PoolName" value="PoolA"/>
				<Parameter name="TapeID" value="DBJ964L5"/>
				<Parameter name="Format" value="F"/>
			</Request>
		</Task>
		<Task id="23194fd0-286f-418b-9086-411da548b465" status="completed" timestart="2014-02-14T13:27:27" timeend="2014-02-14T13:27:27">
			<Request time="2014-02-14T13:27:18" service="LockDevice">
				<Parameter name="TapeDevice" value="/dev/st1"/>
			</Request>
		</Task>
		<Task id="01aafbc9-90da-42bf-9cc2-c3962f12bd8e" status="completed" timestart="2014-02-14T13:28:29" timeend="2014-02-14T13:28:29">
			<Request time="2014-02-14T13:28:10" service="UnlockDevice">
				<Parameter name="TapeDevice" value="/dev/st1"/>
			</Request>
		</Task>
		<Task id="179cf63d-d000-430a-bd4b-b63bb730814d" status="completed" timestart="2014-02-20T09:51:43" timeend="2014-02-20T09:51:43">
			<Request time="2014-02-20T09:50:55" service="LockDevice">
				<Parameter name="TapeDevice" value="/dev/st0"/>
			</Request>
		</Task>
		<Task id="3672f99a-47b1-4a6c-b15d-54425d1b360d" status="completed" timestart="2014-02-20T09:55:53" timeend="2014-02-20T09:55:53">
			<Request time="2014-02-20T09:55:37" service="UnlockDevice">
				<Parameter name="TapeDevice" value="/dev/st0"/>
			</Request>
		</Task>
		<Task id="ea9c06ba-c15c-49bb-b7bc-c56009af4497" status="completed" timestart="2014-02-20T10:16:40" timeend="2014-02-20T10:16:40">
			<Request time="2014-02-20T10:14:54" service="ListTape">
				<Parameter name="TapeID" value="DBJ964L5"/>
			</Request>
		</Task>
		<Task id="7293c181-9ff1-408b-937e-3c0165f1f1a0" status="completed" timestart="2014-02-20T11:10:56" timeend="2014-02-20T11:26:58">
			<Request time="2014-02-20T11:08:53" service="ListTape">
				<Parameter name="TapeID" value="DBK000L5"/>
			</Request>
		</Task>
		<Task id="196d9f64-ceb8-46a2-9775-1879ef6710a8" status="completed" timestart="2014-02-21T09:47:15" timeend="2014-02-21T09:47:34">
			<Request time="2014-02-21T09:46:18" service="MakeAvailableMount">
				<Parameter name="TapeID" value="DBK000L5"/>
			</Request>
		</Task>
		<Task id="66846e20-20c0-4155-863c-56c4207f635a" status="completed" timestart="2014-02-21T10:16:38" timeend="2014-02-21T10:17:39">
			<Request time="2014-02-21T10:15:38" service="MakeAvailableUnmount">
				<Parameter name="TapeID" value="DBK000L5"/>
			</Request>
		</Task>
		<Task id="938dcdef-4d59-487b-81d4-604496f908d4" status="completed" timestart="2014-02-24T11:15:10" timeend="2014-02-24T11:15:29">
			<Request time="2014-02-24T11:14:05" service="MakeAvailableMount">
				<Parameter name="TapeID" value="DBK000L5"/>
			</Request>
		</Task>
		<Task id="227a2768-1fcf-45fb-a36d-ba3584ade8ae" status="completed" timestart="2014-02-24T11:19:37" timeend="2014-02-24T11:20:40">
			<Request time="2014-02-24T11:18:40" service="MakeAvailableUnmount">
				<Parameter name="TapeID" value="DBK000L5"/>
			</Request>
		</Task>
	</Output>
</LTFSArchiver>
